<?xml version="1.0" encoding="UTF-8"?>
<testsuite xmlns:xsi="http://www.w3.org/2001/XMLSchema-instance" xsi:noNamespaceSchemaLocation="https://maven.apache.org/surefire/maven-surefire-plugin/xsd/surefire-test-report-3.0.xsd" version="3.0" name="GameTest" time="0.145" tests="5" errors="0" skipped="0" failures="0">
  <properties>
[...]
</properties>
  <testcase name="testFindRoomNoRooms" classname="GameTest" time="0.073"/>
  <testcase name="testFindRoomMultipleRooms" classname="GameTest" time="0.059"/>
  <testcase name="testFindRoomOneRoom" classname="GameTest" time="0.001"/>
  <testcase name="testCreateRoom" classname="GameTest" time="0.003"/>
  <testcase name="removeRoom" classname="GameTest" time="0.001"/>
</testsuite>